=N:[UsageMeter (2024-06-27 23:20:23 RTZ 2 (зима))] usage server initial connection
=N:[License] 
Licensed for Metrics Design Automation.
=N:[License] New lease granted.
Analyzing...
Elaborating...
  Top-level modules:
    $unit
    RgbLed_tb
  Found 5 unique specialization(s) of 5 design element(s).
=W:[MissingTimescale]:
    It is illegal for some design elements to have time specifications    
    while others don't.  A complete time specification includes           
    both a time unit and time precision.                                  

        Have complete time spec    Have no/incomplete time spec    

        RgbLed_tb                  RgbLed                          

Optimizing...
Building models...
PLI/VPI access: +b 
Simulation time precision is 1ps.
  [4/5] module RgbLed_tb: 10 functions, 70 basic blocks
Linking image.so...
Using default typical min/typ/max.
=S:Begin run-time elaboration and static initialization...
=N:[dumpMXD] preparing MXD dump to 'waves.mxd'.
=N:[dump] Dump started at time 0
=N:Starting event scheduler...
=N:[dumpMXD] closing MXD dump
=T:Simulation terminated by $finish at time 54100000 (..\RgbLed_tb.v:56);
Run directory: D:\Source\Components\RgbLedMod\sim
  System timescale is 1ps / 1ps
  Metrics DSim version: 20240422.5.0 (b:R #c:0 h:69717b3410 os:msys2_)
  Random seed: (defaulted to 1)
